{"D:\\Learning\\namaste react\\master-chef\\src\\components\\Body.js": {"path":"D:\\Learning\\namaste react\\master-chef\\src\\components\\Body.js","statementMap":{"0":{"start":{"line":8,"column":13},"end":{"line":122,"column":1}},"1":{"start":{"line":10,"column":41},"end":{"line":10,"column":53}},"2":{"start":{"line":12,"column":34},"end":{"line":12,"column":46}},"3":{"start":{"line":14,"column":38},"end":{"line":14,"column":50}},"4":{"start":{"line":16,"column":38},"end":{"line":16,"column":61}},"5":{"start":{"line":21,"column":28},"end":{"line":21,"column":42}},"6":{"start":{"line":24,"column":25},"end":{"line":26,"column":5}},"7":{"start":{"line":25,"column":15},"end":{"line":25,"column":48}},"8":{"start":{"line":27,"column":4},"end":{"line":27,"column":30}},"9":{"start":{"line":31,"column":4},"end":{"line":31,"column":30}},"10":{"start":{"line":34,"column":2},"end":{"line":36,"column":9}},"11":{"start":{"line":35,"column":4},"end":{"line":35,"column":16}},"12":{"start":{"line":38,"column":20},"end":{"line":50,"column":3}},"13":{"start":{"line":39,"column":17},"end":{"line":39,"column":44}},"14":{"start":{"line":41,"column":17},"end":{"line":41,"column":34}},"15":{"start":{"line":44,"column":4},"end":{"line":46,"column":6}},"16":{"start":{"line":47,"column":4},"end":{"line":49,"column":6}},"17":{"start":{"line":53,"column":2},"end":{"line":55,"column":3}},"18":{"start":{"line":54,"column":4},"end":{"line":54,"column":23}},"19":{"start":{"line":59,"column":2},"end":{"line":121,"column":4}},"20":{"start":{"line":71,"column":16},"end":{"line":71,"column":46}},"21":{"start":{"line":79,"column":36},"end":{"line":83,"column":18}},"22":{"start":{"line":80,"column":38},"end":{"line":80,"column":65}},"23":{"start":{"line":81,"column":35},"end":{"line":81,"column":59}},"24":{"start":{"line":82,"column":20},"end":{"line":82,"column":54}},"25":{"start":{"line":84,"column":16},"end":{"line":84,"column":41}},"26":{"start":{"line":85,"column":16},"end":{"line":85,"column":34}},"27":{"start":{"line":96,"column":31},"end":{"line":96,"column":58}},"28":{"start":{"line":113,"column":14},"end":{"line":115,"column":21}}},"fnMap":{"0":{"name":"(anonymous_0)","decl":{"start":{"line":8,"column":13},"end":{"line":8,"column":14}},"loc":{"start":{"line":8,"column":19},"end":{"line":122,"column":1}},"line":8},"1":{"name":"filterTopRestro","decl":{"start":{"line":23,"column":11},"end":{"line":23,"column":26}},"loc":{"start":{"line":23,"column":29},"end":{"line":28,"column":3}},"line":23},"2":{"name":"(anonymous_2)","decl":{"start":{"line":25,"column":6},"end":{"line":25,"column":7}},"loc":{"start":{"line":25,"column":15},"end":{"line":25,"column":48}},"line":25},"3":{"name":"clearFilter","decl":{"start":{"line":30,"column":11},"end":{"line":30,"column":22}},"loc":{"start":{"line":30,"column":25},"end":{"line":32,"column":3}},"line":30},"4":{"name":"(anonymous_4)","decl":{"start":{"line":34,"column":12},"end":{"line":34,"column":13}},"loc":{"start":{"line":34,"column":18},"end":{"line":36,"column":3}},"line":34},"5":{"name":"(anonymous_5)","decl":{"start":{"line":38,"column":20},"end":{"line":38,"column":21}},"loc":{"start":{"line":38,"column":32},"end":{"line":50,"column":3}},"line":38},"6":{"name":"(anonymous_6)","decl":{"start":{"line":70,"column":24},"end":{"line":70,"column":25}},"loc":{"start":{"line":70,"column":31},"end":{"line":72,"column":15}},"line":70},"7":{"name":"(anonymous_7)","decl":{"start":{"line":77,"column":23},"end":{"line":77,"column":24}},"loc":{"start":{"line":77,"column":29},"end":{"line":86,"column":15}},"line":77},"8":{"name":"(anonymous_8)","decl":{"start":{"line":79,"column":56},"end":{"line":79,"column":57}},"loc":{"start":{"line":79,"column":63},"end":{"line":83,"column":17}},"line":79},"9":{"name":"(anonymous_9)","decl":{"start":{"line":96,"column":24},"end":{"line":96,"column":25}},"loc":{"start":{"line":96,"column":31},"end":{"line":96,"column":58}},"line":96},"10":{"name":"(anonymous_10)","decl":{"start":{"line":112,"column":26},"end":{"line":112,"column":27}},"loc":{"start":{"line":113,"column":14},"end":{"line":115,"column":21}},"line":113}},"branchMap":{"0":{"loc":{"start":{"line":53,"column":2},"end":{"line":55,"column":3}},"type":"if","locations":[{"start":{"line":53,"column":2},"end":{"line":55,"column":3}},{"start":{},"end":{}}],"line":53},"1":{"loc":{"start":{"line":114,"column":17},"end":{"line":114,"column":129}},"type":"cond-expr","locations":[{"start":{"line":114,"column":39},"end":{"line":114,"column":84}},{"start":{"line":114,"column":87},"end":{"line":114,"column":129}}],"line":114}},"s":{"0":1,"1":7,"2":7,"3":7,"4":7,"5":7,"6":1,"7":8,"8":1,"9":0,"10":7,"11":2,"12":7,"13":2,"14":2,"15":2,"16":2,"17":7,"18":2,"19":5,"20":1,"21":1,"22":8,"23":8,"24":8,"25":1,"26":1,"27":0,"28":26},"f":{"0":7,"1":1,"2":8,"3":0,"4":2,"5":2,"6":1,"7":1,"8":8,"9":0,"10":26},"b":{"0":[2,5],"1":[3,23]},"_coverageSchema":"1a1c01bbd47fc00a2c39e90264f33305004495a9","hash":"444db8624858ad86d9648b5e390992f7cc653f81"}
,"D:\\Learning\\namaste react\\master-chef\\src\\components\\Cart.jsx": {"path":"D:\\Learning\\namaste react\\master-chef\\src\\components\\Cart.jsx","statementMap":{"0":{"start":{"line":6,"column":13},"end":{"line":24,"column":1}},"1":{"start":{"line":7,"column":22},"end":{"line":7,"column":62}},"2":{"start":{"line":7,"column":45},"end":{"line":7,"column":61}},"3":{"start":{"line":8,"column":4},"end":{"line":8,"column":27}},"4":{"start":{"line":10,"column":21},"end":{"line":10,"column":34}},"5":{"start":{"line":12,"column":8},"end":{"line":12,"column":30}},"6":{"start":{"line":15,"column":4},"end":{"line":23,"column":6}},"7":{"start":{"line":20,"column":16},"end":{"line":20,"column":63}}},"fnMap":{"0":{"name":"(anonymous_0)","decl":{"start":{"line":6,"column":13},"end":{"line":6,"column":14}},"loc":{"start":{"line":6,"column":19},"end":{"line":24,"column":1}},"line":6},"1":{"name":"(anonymous_1)","decl":{"start":{"line":7,"column":34},"end":{"line":7,"column":35}},"loc":{"start":{"line":7,"column":45},"end":{"line":7,"column":61}},"line":7},"2":{"name":"handleClearCart","decl":{"start":{"line":11,"column":13},"end":{"line":11,"column":28}},"loc":{"start":{"line":11,"column":31},"end":{"line":13,"column":5}},"line":11},"3":{"name":"(anonymous_3)","decl":{"start":{"line":19,"column":27},"end":{"line":19,"column":28}},"loc":{"start":{"line":19,"column":44},"end":{"line":21,"column":13}},"line":19}},"branchMap":{},"s":{"0":1,"1":4,"2":8,"3":4,"4":4,"5":1,"6":4,"7":3},"f":{"0":4,"1":8,"2":1,"3":3},"b":{},"_coverageSchema":"1a1c01bbd47fc00a2c39e90264f33305004495a9","hash":"f8e6fd04febd48f7ddd2756ebdebb0560ebc1154"}
,"D:\\Learning\\namaste react\\master-chef\\src\\components\\Contact.js": {"path":"D:\\Learning\\namaste react\\master-chef\\src\\components\\Contact.js","statementMap":{"0":{"start":{"line":5,"column":8},"end":{"line":12,"column":9}}},"fnMap":{"0":{"name":"(anonymous_0)","decl":{"start":{"line":4,"column":4},"end":{"line":4,"column":5}},"loc":{"start":{"line":4,"column":13},"end":{"line":13,"column":5}},"line":4}},"branchMap":{},"s":{"0":3},"f":{"0":3},"b":{},"_coverageSchema":"1a1c01bbd47fc00a2c39e90264f33305004495a9","hash":"49f2cfed04415090eaf5884dff5b86e5e027ff6f"}
,"D:\\Learning\\namaste react\\master-chef\\src\\components\\Header.js": {"path":"D:\\Learning\\namaste react\\master-chef\\src\\components\\Header.js","statementMap":{"0":{"start":{"line":8,"column":15},"end":{"line":61,"column":1}},"1":{"start":{"line":10,"column":34},"end":{"line":10,"column":51}},"2":{"start":{"line":14,"column":8},"end":{"line":16,"column":10}},"3":{"start":{"line":15,"column":9},"end":{"line":15,"column":59}},"4":{"start":{"line":27,"column":25},"end":{"line":27,"column":42}},"5":{"start":{"line":29,"column":21},"end":{"line":29,"column":44}},"6":{"start":{"line":33,"column":22},"end":{"line":33,"column":62}},"7":{"start":{"line":33,"column":45},"end":{"line":33,"column":61}},"8":{"start":{"line":37,"column":4},"end":{"line":59,"column":5}}},"fnMap":{"0":{"name":"(anonymous_0)","decl":{"start":{"line":8,"column":15},"end":{"line":8,"column":16}},"loc":{"start":{"line":8,"column":21},"end":{"line":61,"column":1}},"line":8},"1":{"name":"handleClick","decl":{"start":{"line":13,"column":13},"end":{"line":13,"column":24}},"loc":{"start":{"line":13,"column":27},"end":{"line":17,"column":5}},"line":13},"2":{"name":"(anonymous_2)","decl":{"start":{"line":14,"column":19},"end":{"line":14,"column":20}},"loc":{"start":{"line":14,"column":31},"end":{"line":16,"column":9}},"line":14},"3":{"name":"(anonymous_3)","decl":{"start":{"line":33,"column":34},"end":{"line":33,"column":35}},"loc":{"start":{"line":33,"column":45},"end":{"line":33,"column":61}},"line":33}},"branchMap":{"0":{"loc":{"start":{"line":15,"column":17},"end":{"line":15,"column":59}},"type":"cond-expr","locations":[{"start":{"line":15,"column":41},"end":{"line":15,"column":49}},{"start":{"line":15,"column":52},"end":{"line":15,"column":59}}],"line":15},"1":{"loc":{"start":{"line":46,"column":43},"end":{"line":46,"column":68}},"type":"cond-expr","locations":[{"start":{"line":46,"column":58},"end":{"line":46,"column":61}},{"start":{"line":46,"column":64},"end":{"line":46,"column":68}}],"line":46}},"s":{"0":2,"1":6,"2":1,"3":1,"4":6,"5":6,"6":6,"7":11,"8":6},"f":{"0":6,"1":1,"2":1,"3":11},"b":{"0":[1,0],"1":[6,0]},"_coverageSchema":"1a1c01bbd47fc00a2c39e90264f33305004495a9","hash":"5e585800af631be16ee83fbe5e83eead87d3c8b9"}
,"D:\\Learning\\namaste react\\master-chef\\src\\components\\ItemList.jsx": {"path":"D:\\Learning\\namaste react\\master-chef\\src\\components\\ItemList.jsx","statementMap":{"0":{"start":{"line":6,"column":17},"end":{"line":33,"column":1}},"1":{"start":{"line":9,"column":75},"end":{"line":9,"column":83}},"2":{"start":{"line":15,"column":19},"end":{"line":15,"column":32}},"3":{"start":{"line":17,"column":4},"end":{"line":17,"column":32}},"4":{"start":{"line":20,"column":2},"end":{"line":32,"column":4}},"5":{"start":{"line":24,"column":55},"end":{"line":24,"column":78}}},"fnMap":{"0":{"name":"(anonymous_0)","decl":{"start":{"line":6,"column":17},"end":{"line":6,"column":18}},"loc":{"start":{"line":6,"column":35},"end":{"line":33,"column":1}},"line":6},"1":{"name":"handleAddItem","decl":{"start":{"line":16,"column":11},"end":{"line":16,"column":24}},"loc":{"start":{"line":16,"column":35},"end":{"line":18,"column":3}},"line":16},"2":{"name":"(anonymous_2)","decl":{"start":{"line":24,"column":49},"end":{"line":24,"column":50}},"loc":{"start":{"line":24,"column":55},"end":{"line":24,"column":78}},"line":24}},"branchMap":{"0":{"loc":{"start":{"line":28,"column":36},"end":{"line":28,"column":69}},"type":"binary-expr","locations":[{"start":{"line":28,"column":36},"end":{"line":28,"column":47}},{"start":{"line":28,"column":51},"end":{"line":28,"column":69}}],"line":28}},"s":{"0":1,"1":36,"2":36,"3":2,"4":36,"5":2},"f":{"0":36,"1":2,"2":2},"b":{"0":[36,35]},"_coverageSchema":"1a1c01bbd47fc00a2c39e90264f33305004495a9","hash":"0f7417f59189ce42278ec0b8c74541da82de7cbf"}
,"D:\\Learning\\namaste react\\master-chef\\src\\components\\RestaurantCard.js": {"path":"D:\\Learning\\namaste react\\master-chef\\src\\components\\RestaurantCard.js","statementMap":{"0":{"start":{"line":5,"column":23},"end":{"line":33,"column":1}},"1":{"start":{"line":7,"column":4},"end":{"line":7,"column":25}},"2":{"start":{"line":12,"column":25},"end":{"line":12,"column":48}},"3":{"start":{"line":14,"column":2},"end":{"line":32,"column":4}},"4":{"start":{"line":35,"column":28},"end":{"line":44,"column":1}},"5":{"start":{"line":36,"column":2},"end":{"line":43,"column":3}},"6":{"start":{"line":37,"column":4},"end":{"line":42,"column":5}}},"fnMap":{"0":{"name":"(anonymous_0)","decl":{"start":{"line":5,"column":23},"end":{"line":5,"column":24}},"loc":{"start":{"line":5,"column":34},"end":{"line":33,"column":1}},"line":5},"1":{"name":"(anonymous_1)","decl":{"start":{"line":35,"column":28},"end":{"line":35,"column":29}},"loc":{"start":{"line":35,"column":34},"end":{"line":44,"column":1}},"line":35},"2":{"name":"(anonymous_2)","decl":{"start":{"line":36,"column":9},"end":{"line":36,"column":10}},"loc":{"start":{"line":36,"column":20},"end":{"line":43,"column":3}},"line":36}},"branchMap":{},"s":{"0":2,"1":28,"2":28,"3":28,"4":2,"5":8,"6":4},"f":{"0":28,"1":8,"2":4},"b":{},"_coverageSchema":"1a1c01bbd47fc00a2c39e90264f33305004495a9","hash":"58ad624de717a75ccdfb916849dfe32f118d4eb3"}
,"D:\\Learning\\namaste react\\master-chef\\src\\components\\RestaurantCategory.jsx": {"path":"D:\\Learning\\namaste react\\master-chef\\src\\components\\RestaurantCategory.jsx","statementMap":{"0":{"start":{"line":5,"column":27},"end":{"line":32,"column":1}},"1":{"start":{"line":8,"column":18},"end":{"line":8,"column":41}},"2":{"start":{"line":9,"column":23},"end":{"line":9,"column":57}},"3":{"start":{"line":11,"column":24},"end":{"line":11,"column":40}},"4":{"start":{"line":14,"column":8},"end":{"line":14,"column":23}},"5":{"start":{"line":17,"column":4},"end":{"line":31,"column":6}},"6":{"start":{"line":20,"column":65},"end":{"line":20,"column":79}},"7":{"start":{"line":26,"column":24},"end":{"line":26,"column":98}}},"fnMap":{"0":{"name":"(anonymous_0)","decl":{"start":{"line":5,"column":27},"end":{"line":5,"column":28}},"loc":{"start":{"line":5,"column":64},"end":{"line":32,"column":1}},"line":5},"1":{"name":"handleToggle","decl":{"start":{"line":13,"column":13},"end":{"line":13,"column":25}},"loc":{"start":{"line":13,"column":28},"end":{"line":15,"column":5}},"line":13},"2":{"name":"(anonymous_2)","decl":{"start":{"line":20,"column":59},"end":{"line":20,"column":60}},"loc":{"start":{"line":20,"column":65},"end":{"line":20,"column":79}},"line":20},"3":{"name":"(anonymous_3)","decl":{"start":{"line":25,"column":35},"end":{"line":25,"column":36}},"loc":{"start":{"line":25,"column":43},"end":{"line":27,"column":21}},"line":25}},"branchMap":{"0":{"loc":{"start":{"line":22,"column":46},"end":{"line":22,"column":95}},"type":"cond-expr","locations":[{"start":{"line":22,"column":58},"end":{"line":22,"column":74}},{"start":{"line":22,"column":77},"end":{"line":22,"column":95}}],"line":22},"1":{"loc":{"start":{"line":24,"column":17},"end":{"line":28,"column":22}},"type":"binary-expr","locations":[{"start":{"line":24,"column":17},"end":{"line":24,"column":26}},{"start":{"line":24,"column":30},"end":{"line":28,"column":22}}],"line":24}},"s":{"0":1,"1":20,"2":20,"3":20,"4":1,"5":20,"6":1,"7":33},"f":{"0":20,"1":1,"2":1,"3":33},"b":{"0":[2,18],"1":[20,2]},"_coverageSchema":"1a1c01bbd47fc00a2c39e90264f33305004495a9","hash":"7e32b8477fa24c521e1dbeb77646b6ec123d302b"}
,"D:\\Learning\\namaste react\\master-chef\\src\\components\\RestaurantMenu.js": {"path":"D:\\Learning\\namaste react\\master-chef\\src\\components\\RestaurantMenu.js","statementMap":{"0":{"start":{"line":9,"column":23},"end":{"line":85,"column":1}},"1":{"start":{"line":10,"column":36},"end":{"line":10,"column":47}},"2":{"start":{"line":12,"column":21},"end":{"line":12,"column":32}},"3":{"start":{"line":14,"column":18},"end":{"line":14,"column":43}},"4":{"start":{"line":16,"column":2},"end":{"line":18,"column":3}},"5":{"start":{"line":17,"column":4},"end":{"line":17,"column":45}},"6":{"start":{"line":31,"column":6},"end":{"line":31,"column":47}},"7":{"start":{"line":42,"column":4},"end":{"line":46,"column":5}},"8":{"start":{"line":44,"column":8},"end":{"line":45,"column":70}},"9":{"start":{"line":50,"column":2},"end":{"line":84,"column":4}},"10":{"start":{"line":72,"column":10},"end":{"line":80,"column":12}},"11":{"start":{"line":78,"column":34},"end":{"line":78,"column":81}}},"fnMap":{"0":{"name":"(anonymous_0)","decl":{"start":{"line":9,"column":23},"end":{"line":9,"column":24}},"loc":{"start":{"line":9,"column":29},"end":{"line":85,"column":1}},"line":9},"1":{"name":"(anonymous_1)","decl":{"start":{"line":43,"column":6},"end":{"line":43,"column":7}},"loc":{"start":{"line":44,"column":8},"end":{"line":45,"column":70}},"line":44},"2":{"name":"(anonymous_2)","decl":{"start":{"line":71,"column":24},"end":{"line":71,"column":25}},"loc":{"start":{"line":71,"column":45},"end":{"line":81,"column":9}},"line":71},"3":{"name":"(anonymous_3)","decl":{"start":{"line":78,"column":28},"end":{"line":78,"column":29}},"loc":{"start":{"line":78,"column":34},"end":{"line":78,"column":81}},"line":78}},"branchMap":{"0":{"loc":{"start":{"line":16,"column":2},"end":{"line":18,"column":3}},"type":"if","locations":[{"start":{"line":16,"column":2},"end":{"line":18,"column":3}},{"start":{},"end":{}}],"line":16},"1":{"loc":{"start":{"line":77,"column":25},"end":{"line":77,"column":58}},"type":"cond-expr","locations":[{"start":{"line":77,"column":46},"end":{"line":77,"column":50}},{"start":{"line":77,"column":53},"end":{"line":77,"column":58}}],"line":77},"2":{"loc":{"start":{"line":78,"column":47},"end":{"line":78,"column":80}},"type":"cond-expr","locations":[{"start":{"line":78,"column":68},"end":{"line":78,"column":72}},{"start":{"line":78,"column":75},"end":{"line":78,"column":80}}],"line":78}},"s":{"0":1,"1":3,"2":3,"3":3,"4":3,"5":1,"6":2,"7":2,"8":38,"9":2,"10":20,"11":1},"f":{"0":3,"1":38,"2":20,"3":1},"b":{"0":[1,2],"1":[2,18],"2":[0,1]},"_coverageSchema":"1a1c01bbd47fc00a2c39e90264f33305004495a9","hash":"3b877778ec71357d236136d6eed5bfed2e35d1af"}
,"D:\\Learning\\namaste react\\master-chef\\src\\components\\Shimmer.js": {"path":"D:\\Learning\\namaste react\\master-chef\\src\\components\\Shimmer.js","statementMap":{"0":{"start":{"line":7,"column":16},"end":{"line":75,"column":1}},"1":{"start":{"line":8,"column":2},"end":{"line":52,"column":3}},"2":{"start":{"line":9,"column":4},"end":{"line":51,"column":6}},"3":{"start":{"line":54,"column":2},"end":{"line":74,"column":4}}},"fnMap":{"0":{"name":"(anonymous_0)","decl":{"start":{"line":7,"column":16},"end":{"line":7,"column":17}},"loc":{"start":{"line":7,"column":30},"end":{"line":75,"column":1}},"line":7}},"branchMap":{"0":{"loc":{"start":{"line":8,"column":2},"end":{"line":52,"column":3}},"type":"if","locations":[{"start":{"line":8,"column":2},"end":{"line":52,"column":3}},{"start":{},"end":{}}],"line":8}},"s":{"0":2,"1":3,"2":1,"3":2},"f":{"0":3},"b":{"0":[1,2]},"_coverageSchema":"1a1c01bbd47fc00a2c39e90264f33305004495a9","hash":"8cacfd74e4a0a778e5bcb5e234f0d450c98cced7"}
,"D:\\Learning\\namaste react\\master-chef\\src\\utils\\UserContext.jsx": {"path":"D:\\Learning\\namaste react\\master-chef\\src\\utils\\UserContext.jsx","statementMap":{"0":{"start":{"line":1,"column":26},"end":{"line":1,"column":42}},"1":{"start":{"line":3,"column":20},"end":{"line":5,"column":2}}},"fnMap":{},"branchMap":{},"s":{"0":4,"1":4},"f":{},"b":{},"_coverageSchema":"1a1c01bbd47fc00a2c39e90264f33305004495a9","hash":"52481dc09a37aa91e81434b5b9f17c7bf1e6ff17"}
,"D:\\Learning\\namaste react\\master-chef\\src\\utils\\appStore.js": {"path":"D:\\Learning\\namaste react\\master-chef\\src\\utils\\appStore.js","statementMap":{"0":{"start":{"line":1,"column":27},"end":{"line":1,"column":54}},"1":{"start":{"line":4,"column":17},"end":{"line":9,"column":2}}},"fnMap":{},"branchMap":{},"s":{"0":2,"1":2},"f":{},"b":{},"_coverageSchema":"1a1c01bbd47fc00a2c39e90264f33305004495a9","hash":"49928a354670be565fed4ad170aac20bc6d021fe"}
,"D:\\Learning\\namaste react\\master-chef\\src\\utils\\cartSlice.js": {"path":"D:\\Learning\\namaste react\\master-chef\\src\\utils\\cartSlice.js","statementMap":{"0":{"start":{"line":3,"column":18},"end":{"line":19,"column":2}},"1":{"start":{"line":10,"column":12},"end":{"line":10,"column":45}},"2":{"start":{"line":13,"column":12},"end":{"line":13,"column":30}},"3":{"start":{"line":16,"column":12},"end":{"line":16,"column":35}},"4":{"start":{"line":21,"column":48},"end":{"line":21,"column":65}}},"fnMap":{"0":{"name":"(anonymous_0)","decl":{"start":{"line":9,"column":17},"end":{"line":9,"column":18}},"loc":{"start":{"line":9,"column":36},"end":{"line":11,"column":9}},"line":9},"1":{"name":"(anonymous_1)","decl":{"start":{"line":12,"column":20},"end":{"line":12,"column":21}},"loc":{"start":{"line":12,"column":31},"end":{"line":14,"column":9}},"line":12},"2":{"name":"(anonymous_2)","decl":{"start":{"line":15,"column":19},"end":{"line":15,"column":20}},"loc":{"start":{"line":15,"column":30},"end":{"line":17,"column":9}},"line":15}},"branchMap":{},"s":{"0":2,"1":2,"2":0,"3":1,"4":2},"f":{"0":2,"1":0,"2":1},"b":{},"_coverageSchema":"1a1c01bbd47fc00a2c39e90264f33305004495a9","hash":"e36679829937a594519550dae1602579bdd2e195"}
,"D:\\Learning\\namaste react\\master-chef\\src\\utils\\constants.js": {"path":"D:\\Learning\\namaste react\\master-chef\\src\\utils\\constants.js","statementMap":{"0":{"start":{"line":2,"column":23},"end":{"line":2,"column":64}},"1":{"start":{"line":4,"column":30},"end":{"line":4,"column":168}},"2":{"start":{"line":6,"column":24},"end":{"line":6,"column":147}}},"fnMap":{},"branchMap":{},"s":{"0":3,"1":3,"2":3},"f":{},"b":{},"_coverageSchema":"1a1c01bbd47fc00a2c39e90264f33305004495a9","hash":"78d5c6eb75fe7b432437b8db0ee1fb0f3328a132"}
,"D:\\Learning\\namaste react\\master-chef\\src\\utils\\useOnlineStatus.js": {"path":"D:\\Learning\\namaste react\\master-chef\\src\\utils\\useOnlineStatus.js","statementMap":{"0":{"start":{"line":3,"column":24},"end":{"line":17,"column":1}},"1":{"start":{"line":4,"column":42},"end":{"line":4,"column":56}},"2":{"start":{"line":6,"column":2},"end":{"line":14,"column":9}},"3":{"start":{"line":7,"column":4},"end":{"line":9,"column":7}},"4":{"start":{"line":8,"column":6},"end":{"line":8,"column":28}},"5":{"start":{"line":11,"column":4},"end":{"line":13,"column":7}},"6":{"start":{"line":12,"column":6},"end":{"line":12,"column":29}},"7":{"start":{"line":16,"column":2},"end":{"line":16,"column":22}}},"fnMap":{"0":{"name":"(anonymous_0)","decl":{"start":{"line":3,"column":24},"end":{"line":3,"column":25}},"loc":{"start":{"line":3,"column":30},"end":{"line":17,"column":1}},"line":3},"1":{"name":"(anonymous_1)","decl":{"start":{"line":6,"column":12},"end":{"line":6,"column":13}},"loc":{"start":{"line":6,"column":18},"end":{"line":14,"column":3}},"line":6},"2":{"name":"(anonymous_2)","decl":{"start":{"line":7,"column":38},"end":{"line":7,"column":39}},"loc":{"start":{"line":7,"column":50},"end":{"line":9,"column":5}},"line":7},"3":{"name":"(anonymous_3)","decl":{"start":{"line":11,"column":39},"end":{"line":11,"column":40}},"loc":{"start":{"line":11,"column":51},"end":{"line":13,"column":5}},"line":11}},"branchMap":{},"s":{"0":2,"1":6,"2":6,"3":2,"4":0,"5":2,"6":0,"7":6},"f":{"0":6,"1":2,"2":0,"3":0},"b":{},"_coverageSchema":"1a1c01bbd47fc00a2c39e90264f33305004495a9","hash":"02c36c1ee532b9a7dc0decf73e16c90eba6947df"}
,"D:\\Learning\\namaste react\\master-chef\\src\\utils\\useRestaurantMenu.js": {"path":"D:\\Learning\\namaste react\\master-chef\\src\\utils\\useRestaurantMenu.js","statementMap":{"0":{"start":{"line":4,"column":26},"end":{"line":20,"column":1}},"1":{"start":{"line":6,"column":36},"end":{"line":6,"column":50}},"2":{"start":{"line":8,"column":4},"end":{"line":10,"column":9}},"3":{"start":{"line":9,"column":8},"end":{"line":9,"column":20}},"4":{"start":{"line":12,"column":22},"end":{"line":16,"column":5}},"5":{"start":{"line":13,"column":21},"end":{"line":13,"column":51}},"6":{"start":{"line":14,"column":25},"end":{"line":14,"column":42}},"7":{"start":{"line":15,"column":8},"end":{"line":15,"column":30}},"8":{"start":{"line":18,"column":4},"end":{"line":18,"column":20}}},"fnMap":{"0":{"name":"(anonymous_0)","decl":{"start":{"line":4,"column":26},"end":{"line":4,"column":27}},"loc":{"start":{"line":4,"column":38},"end":{"line":20,"column":1}},"line":4},"1":{"name":"(anonymous_1)","decl":{"start":{"line":8,"column":14},"end":{"line":8,"column":15}},"loc":{"start":{"line":8,"column":20},"end":{"line":10,"column":5}},"line":8},"2":{"name":"(anonymous_2)","decl":{"start":{"line":12,"column":22},"end":{"line":12,"column":23}},"loc":{"start":{"line":12,"column":34},"end":{"line":16,"column":5}},"line":12}},"branchMap":{},"s":{"0":1,"1":3,"2":3,"3":1,"4":3,"5":1,"6":1,"7":1,"8":3},"f":{"0":3,"1":1,"2":1},"b":{},"_coverageSchema":"1a1c01bbd47fc00a2c39e90264f33305004495a9","hash":"df021c90ec6db85871228efc014cf7675dd31b32"}
}
