TN:
SF:src\components\Body.js
FN:8,(anonymous_0)
FN:23,filterTopRestro
FN:25,(anonymous_2)
FN:30,clearFilter
FN:34,(anonymous_4)
FN:38,(anonymous_5)
FN:70,(anonymous_6)
FN:77,(anonymous_7)
FN:79,(anonymous_8)
FN:96,(anonymous_9)
FN:112,(anonymous_10)
FNF:11
FNH:9
FNDA:7,(anonymous_0)
FNDA:1,filterTopRestro
FNDA:8,(anonymous_2)
FNDA:0,clearFilter
FNDA:2,(anonymous_4)
FNDA:2,(anonymous_5)
FNDA:1,(anonymous_6)
FNDA:1,(anonymous_7)
FNDA:8,(anonymous_8)
FNDA:0,(anonymous_9)
FNDA:26,(anonymous_10)
DA:8,1
DA:10,7
DA:12,7
DA:14,7
DA:16,7
DA:21,7
DA:24,1
DA:25,8
DA:27,1
DA:31,0
DA:34,7
DA:35,2
DA:38,7
DA:39,2
DA:41,2
DA:44,2
DA:47,2
DA:53,7
DA:54,2
DA:59,5
DA:71,1
DA:79,1
DA:80,8
DA:81,8
DA:82,8
DA:84,1
DA:85,1
DA:96,0
DA:113,26
LF:29
LH:27
BRDA:53,0,0,2
BRDA:53,0,1,5
BRDA:114,1,0,3
BRDA:114,1,1,23
BRF:4
BRH:4
end_of_record
TN:
SF:src\components\Cart.jsx
FN:6,(anonymous_0)
FN:7,(anonymous_1)
FN:11,handleClearCart
FN:19,(anonymous_3)
FNF:4
FNH:4
FNDA:4,(anonymous_0)
FNDA:8,(anonymous_1)
FNDA:1,handleClearCart
FNDA:3,(anonymous_3)
DA:6,1
DA:7,8
DA:8,4
DA:10,4
DA:12,1
DA:15,4
DA:20,3
LF:7
LH:7
BRF:0
BRH:0
end_of_record
TN:
SF:src\components\Contact.js
FN:4,(anonymous_0)
FNF:1
FNH:1
FNDA:3,(anonymous_0)
DA:5,3
LF:1
LH:1
BRF:0
BRH:0
end_of_record
TN:
SF:src\components\Header.js
FN:8,(anonymous_0)
FN:13,handleClick
FN:14,(anonymous_2)
FN:33,(anonymous_3)
FNF:4
FNH:4
FNDA:6,(anonymous_0)
FNDA:1,handleClick
FNDA:1,(anonymous_2)
FNDA:11,(anonymous_3)
DA:8,2
DA:10,6
DA:14,1
DA:15,1
DA:27,6
DA:29,6
DA:33,11
DA:37,6
LF:8
LH:8
BRDA:15,0,0,1
BRDA:15,0,1,0
BRDA:46,1,0,6
BRDA:46,1,1,0
BRF:4
BRH:2
end_of_record
TN:
SF:src\components\ItemList.jsx
FN:6,(anonymous_0)
FN:16,handleAddItem
FN:24,(anonymous_2)
FNF:3
FNH:3
FNDA:36,(anonymous_0)
FNDA:2,handleAddItem
FNDA:2,(anonymous_2)
DA:6,1
DA:9,36
DA:15,36
DA:17,2
DA:20,36
DA:24,2
LF:6
LH:6
BRDA:28,0,0,36
BRDA:28,0,1,35
BRF:2
BRH:2
end_of_record
TN:
SF:src\components\RestaurantCard.js
FN:5,(anonymous_0)
FN:35,(anonymous_1)
FN:36,(anonymous_2)
FNF:3
FNH:3
FNDA:28,(anonymous_0)
FNDA:8,(anonymous_1)
FNDA:4,(anonymous_2)
DA:5,2
DA:7,28
DA:12,28
DA:14,28
DA:35,2
DA:36,8
DA:37,4
LF:7
LH:7
BRF:0
BRH:0
end_of_record
TN:
SF:src\components\RestaurantCategory.jsx
FN:5,(anonymous_0)
FN:13,handleToggle
FN:20,(anonymous_2)
FN:25,(anonymous_3)
FNF:4
FNH:4
FNDA:20,(anonymous_0)
FNDA:1,handleToggle
FNDA:1,(anonymous_2)
FNDA:33,(anonymous_3)
DA:5,1
DA:8,20
DA:9,20
DA:11,20
DA:14,1
DA:17,20
DA:20,1
DA:26,33
LF:8
LH:8
BRDA:22,0,0,2
BRDA:22,0,1,18
BRDA:24,1,0,20
BRDA:24,1,1,2
BRF:4
BRH:4
end_of_record
TN:
SF:src\components\RestaurantMenu.js
FN:9,(anonymous_0)
FN:43,(anonymous_1)
FN:71,(anonymous_2)
FN:78,(anonymous_3)
FNF:4
FNH:4
FNDA:3,(anonymous_0)
FNDA:38,(anonymous_1)
FNDA:20,(anonymous_2)
FNDA:1,(anonymous_3)
DA:9,1
DA:10,3
DA:12,3
DA:14,3
DA:16,3
DA:17,1
DA:31,2
DA:42,2
DA:44,38
DA:50,2
DA:72,20
DA:78,1
LF:12
LH:12
BRDA:16,0,0,1
BRDA:16,0,1,2
BRDA:77,1,0,2
BRDA:77,1,1,18
BRDA:78,2,0,0
BRDA:78,2,1,1
BRF:6
BRH:5
end_of_record
TN:
SF:src\components\Shimmer.js
FN:7,(anonymous_0)
FNF:1
FNH:1
FNDA:3,(anonymous_0)
DA:7,2
DA:8,3
DA:9,1
DA:54,2
LF:4
LH:4
BRDA:8,0,0,1
BRDA:8,0,1,2
BRF:2
BRH:2
end_of_record
TN:
SF:src\utils\UserContext.jsx
FNF:0
FNH:0
DA:1,4
DA:3,4
LF:2
LH:2
BRF:0
BRH:0
end_of_record
TN:
SF:src\utils\appStore.js
FNF:0
FNH:0
DA:1,2
DA:4,2
LF:2
LH:2
BRF:0
BRH:0
end_of_record
TN:
SF:src\utils\cartSlice.js
FN:9,(anonymous_0)
FN:12,(anonymous_1)
FN:15,(anonymous_2)
FNF:3
FNH:2
FNDA:2,(anonymous_0)
FNDA:0,(anonymous_1)
FNDA:1,(anonymous_2)
DA:3,2
DA:10,2
DA:13,0
DA:16,1
DA:21,2
LF:5
LH:4
BRF:0
BRH:0
end_of_record
TN:
SF:src\utils\constants.js
FNF:0
FNH:0
DA:2,3
DA:4,3
DA:6,3
LF:3
LH:3
BRF:0
BRH:0
end_of_record
TN:
SF:src\utils\useOnlineStatus.js
FN:3,(anonymous_0)
FN:6,(anonymous_1)
FN:7,(anonymous_2)
FN:11,(anonymous_3)
FNF:4
FNH:2
FNDA:6,(anonymous_0)
FNDA:2,(anonymous_1)
FNDA:0,(anonymous_2)
FNDA:0,(anonymous_3)
DA:3,2
DA:4,6
DA:6,6
DA:7,2
DA:8,0
DA:11,2
DA:12,0
DA:16,6
LF:8
LH:6
BRF:0
BRH:0
end_of_record
TN:
SF:src\utils\useRestaurantMenu.js
FN:4,(anonymous_0)
FN:8,(anonymous_1)
FN:12,(anonymous_2)
FNF:3
FNH:3
FNDA:3,(anonymous_0)
FNDA:1,(anonymous_1)
FNDA:1,(anonymous_2)
DA:4,1
DA:6,3
DA:8,3
DA:9,1
DA:12,3
DA:13,1
DA:14,1
DA:15,1
DA:18,3
LF:9
LH:9
BRF:0
BRH:0
end_of_record
